<?xml version="1.0" encoding="UTF-8"?>
<testng-results ignored="0" total="1" passed="1" failed="0" skipped="0">
  <reporter-output>
  </reporter-output>
  <suite started-at="2023-06-07T11:44:04 IST" name="Default suite" finished-at="2023-06-07T11:44:25 IST" duration-ms="20973">
    <groups>
    </groups>
    <test started-at="2023-06-07T11:44:04 IST" name="Default test" finished-at="2023-06-07T11:44:25 IST" duration-ms="20973">
      <class name="tests.LoginPage">
        <test-method signature="test_HomePage_Appear_Correct()[pri:0, instance:tests.LoginPage@59309333]" started-at="2023-06-07T11:44:04 IST" name="test_HomePage_Appear_Correct" finished-at="2023-06-07T11:44:25 IST" duration-ms="20904" status="PASS">
          <reporter-output>
          </reporter-output>
        </test-method> <!-- test_HomePage_Appear_Correct -->
      </class> <!-- tests.LoginPage -->
    </test> <!-- Default test -->
  </suite> <!-- Default suite -->
</testng-results>
